<?xml version="1.0" encoding="UTF-8"?>
<testsuite name="com.ms_security.ms_security.MsSecurityApplicationTests" tests="1" skipped="0" failures="0" errors="0" timestamp="2024-11-12T13:40:42" hostname="SAK" time="0.096">
  <properties/>
  <testcase name="contextLoads()" classname="com.ms_security.ms_security.MsSecurityApplicationTests" time="0.096"/>
  <system-out><![CDATA[Standard Commons Logging discovery in action with spring-jcl: please remove commons-logging.jar from classpath in order to avoid potential conflicts
08:40:19.020 [Test worker] INFO org.springframework.test.context.support.AnnotationConfigContextLoaderUtils -- Could not detect default configuration classes for test class [com.ms_security.ms_security.MsSecurityApplicationTests]: MsSecurityApplicationTests does not declare any static, non-private, non-final, nested classes annotated with @Configuration.
08:40:19.178 [Test worker] INFO org.springframework.boot.test.context.SpringBootTestContextBootstrapper -- Found @SpringBootConfiguration com.ms_security.ms_security.MsSecurityApplication for test class com.ms_security.ms_security.MsSecurityApplicationTests

  .   ____          _            __ _ _
 /\\ / ___'_ __ _ _(_)_ __  __ _ \ \ \ \
( ( )\___ | '_ | '_| | '_ \/ _` | \ \ \ \
 \\/  ___)| |_)| | | | | || (_| |  ) ) ) )
  '  |____| .__|_| |_|_| |_\__, | / / / /
 =========|_|==============|___/=/_/_/_/
 :: Spring Boot ::                (v3.1.2)

2024-11-12T08:40:19.893-05:00  WARN 25476 --- [    Test worker] ory$DuplicateJsonObjectContextCustomizer : 

Found multiple occurrences of org.json.JSONObject on the class path:

	jar:file:/C:/Users/jamp9/.gradle/caches/modules-2/files-2.1/org.json/json/20240303/ebb88e8fb5122b7506d5cf1d69f1ccdb790d22a/json-20240303.jar!/org/json/JSONObject.class
	jar:file:/C:/Users/jamp9/.gradle/caches/modules-2/files-2.1/com.vaadin.external.google/android-json/0.0.20131108.vaadin1/fa26d351fe62a6a17f5cda1287c1c6110dec413f/android-json-0.0.20131108.vaadin1.jar!/org/json/JSONObject.class

You may wish to exclude one of them to ensure predictable runtime behavior

2024-11-12T08:40:19.922-05:00  INFO 25476 --- [    Test worker] c.m.m.MsSecurityApplicationTests         : Starting MsSecurityApplicationTests using Java 17.0.11 with PID 25476 (started by jamp9 in C:\CURSOS\MINTIC\DEFSV3-270\PROYECTO\Backend-GuardianShop\ms-security)
2024-11-12T08:40:19.923-05:00  INFO 25476 --- [    Test worker] c.m.m.MsSecurityApplicationTests         : No active profile set, falling back to 1 default profile: "default"
2024-11-12T08:40:21.617-05:00  INFO 25476 --- [    Test worker] .s.d.r.c.RepositoryConfigurationDelegate : Multiple Spring Data modules found, entering strict repository configuration mode
2024-11-12T08:40:21.619-05:00  INFO 25476 --- [    Test worker] .s.d.r.c.RepositoryConfigurationDelegate : Bootstrapping Spring Data JPA repositories in DEFAULT mode.
2024-11-12T08:40:21.954-05:00  INFO 25476 --- [    Test worker] .s.d.r.c.RepositoryConfigurationDelegate : Finished Spring Data repository scanning in 324 ms. Found 13 JPA repository interfaces.
2024-11-12T08:40:21.983-05:00  INFO 25476 --- [    Test worker] .s.d.r.c.RepositoryConfigurationDelegate : Multiple Spring Data modules found, entering strict repository configuration mode
2024-11-12T08:40:21.985-05:00  INFO 25476 --- [    Test worker] .s.d.r.c.RepositoryConfigurationDelegate : Bootstrapping Spring Data Redis repositories in DEFAULT mode.
2024-11-12T08:40:22.005-05:00  INFO 25476 --- [    Test worker] .RepositoryConfigurationExtensionSupport : Spring Data Redis - Could not safely identify store assignment for repository candidate interface com.ms_security.ms_security.persistence.repository.ICartRepository; If you want this repository to be a Redis repository, consider annotating your entities with one of these annotations: org.springframework.data.redis.core.RedisHash (preferred), or consider extending one of the following types with your repository: org.springframework.data.keyvalue.repository.KeyValueRepository
2024-11-12T08:40:22.006-05:00  INFO 25476 --- [    Test worker] .RepositoryConfigurationExtensionSupport : Spring Data Redis - Could not safely identify store assignment for repository candidate interface com.ms_security.ms_security.persistence.repository.ICategoryRepository; If you want this repository to be a Redis repository, consider annotating your entities with one of these annotations: org.springframework.data.redis.core.RedisHash (preferred), or consider extending one of the following types with your repository: org.springframework.data.keyvalue.repository.KeyValueRepository
2024-11-12T08:40:22.006-05:00  INFO 25476 --- [    Test worker] .RepositoryConfigurationExtensionSupport : Spring Data Redis - Could not safely identify store assignment for repository candidate interface com.ms_security.ms_security.persistence.repository.IContactFormRepository; If you want this repository to be a Redis repository, consider annotating your entities with one of these annotations: org.springframework.data.redis.core.RedisHash (preferred), or consider extending one of the following types with your repository: org.springframework.data.keyvalue.repository.KeyValueRepository
2024-11-12T08:40:22.007-05:00  INFO 25476 --- [    Test worker] .RepositoryConfigurationExtensionSupport : Spring Data Redis - Could not safely identify store assignment for repository candidate interface com.ms_security.ms_security.persistence.repository.IEntriesRepository; If you want this repository to be a Redis repository, consider annotating your entities with one of these annotations: org.springframework.data.redis.core.RedisHash (preferred), or consider extending one of the following types with your repository: org.springframework.data.keyvalue.repository.KeyValueRepository
2024-11-12T08:40:22.007-05:00  INFO 25476 --- [    Test worker] .RepositoryConfigurationExtensionSupport : Spring Data Redis - Could not safely identify store assignment for repository candidate interface com.ms_security.ms_security.persistence.repository.IExitsRepository; If you want this repository to be a Redis repository, consider annotating your entities with one of these annotations: org.springframework.data.redis.core.RedisHash (preferred), or consider extending one of the following types with your repository: org.springframework.data.keyvalue.repository.KeyValueRepository
2024-11-12T08:40:22.008-05:00  INFO 25476 --- [    Test worker] .RepositoryConfigurationExtensionSupport : Spring Data Redis - Could not safely identify store assignment for repository candidate interface com.ms_security.ms_security.persistence.repository.IInventoryRepository; If you want this repository to be a Redis repository, consider annotating your entities with one of these annotations: org.springframework.data.redis.core.RedisHash (preferred), or consider extending one of the following types with your repository: org.springframework.data.keyvalue.repository.KeyValueRepository
2024-11-12T08:40:22.008-05:00  INFO 25476 --- [    Test worker] .RepositoryConfigurationExtensionSupport : Spring Data Redis - Could not safely identify store assignment for repository candidate interface com.ms_security.ms_security.persistence.repository.IOrderItemRepository; If you want this repository to be a Redis repository, consider annotating your entities with one of these annotations: org.springframework.data.redis.core.RedisHash (preferred), or consider extending one of the following types with your repository: org.springframework.data.keyvalue.repository.KeyValueRepository
2024-11-12T08:40:22.008-05:00  INFO 25476 --- [    Test worker] .RepositoryConfigurationExtensionSupport : Spring Data Redis - Could not safely identify store assignment for repository candidate interface com.ms_security.ms_security.persistence.repository.IOrderRepository; If you want this repository to be a Redis repository, consider annotating your entities with one of these annotations: org.springframework.data.redis.core.RedisHash (preferred), or consider extending one of the following types with your repository: org.springframework.data.keyvalue.repository.KeyValueRepository
2024-11-12T08:40:22.009-05:00  INFO 25476 --- [    Test worker] .RepositoryConfigurationExtensionSupport : Spring Data Redis - Could not safely identify store assignment for repository candidate interface com.ms_security.ms_security.persistence.repository.IParametersRepository; If you want this repository to be a Redis repository, consider annotating your entities with one of these annotations: org.springframework.data.redis.core.RedisHash (preferred), or consider extending one of the following types with your repository: org.springframework.data.keyvalue.repository.KeyValueRepository
2024-11-12T08:40:22.009-05:00  INFO 25476 --- [    Test worker] .RepositoryConfigurationExtensionSupport : Spring Data Redis - Could not safely identify store assignment for repository candidate interface com.ms_security.ms_security.persistence.repository.IPermissionRepository; If you want this repository to be a Redis repository, consider annotating your entities with one of these annotations: org.springframework.data.redis.core.RedisHash (preferred), or consider extending one of the following types with your repository: org.springframework.data.keyvalue.repository.KeyValueRepository
2024-11-12T08:40:22.010-05:00  INFO 25476 --- [    Test worker] .RepositoryConfigurationExtensionSupport : Spring Data Redis - Could not safely identify store assignment for repository candidate interface com.ms_security.ms_security.persistence.repository.IRoleRepository; If you want this repository to be a Redis repository, consider annotating your entities with one of these annotations: org.springframework.data.redis.core.RedisHash (preferred), or consider extending one of the following types with your repository: org.springframework.data.keyvalue.repository.KeyValueRepository
2024-11-12T08:40:22.010-05:00  INFO 25476 --- [    Test worker] .RepositoryConfigurationExtensionSupport : Spring Data Redis - Could not safely identify store assignment for repository candidate interface com.ms_security.ms_security.persistence.repository.IServicesRepository; If you want this repository to be a Redis repository, consider annotating your entities with one of these annotations: org.springframework.data.redis.core.RedisHash (preferred), or consider extending one of the following types with your repository: org.springframework.data.keyvalue.repository.KeyValueRepository
2024-11-12T08:40:22.011-05:00  INFO 25476 --- [    Test worker] .RepositoryConfigurationExtensionSupport : Spring Data Redis - Could not safely identify store assignment for repository candidate interface com.ms_security.ms_security.persistence.repository.IUserRepository; If you want this repository to be a Redis repository, consider annotating your entities with one of these annotations: org.springframework.data.redis.core.RedisHash (preferred), or consider extending one of the following types with your repository: org.springframework.data.keyvalue.repository.KeyValueRepository
2024-11-12T08:40:22.011-05:00  INFO 25476 --- [    Test worker] .s.d.r.c.RepositoryConfigurationDelegate : Finished Spring Data repository scanning in 16 ms. Found 0 Redis repository interfaces.
2024-11-12T08:40:22.548-05:00  INFO 25476 --- [    Test worker] ptablePropertiesBeanFactoryPostProcessor : Post-processing PropertySource instances
2024-11-12T08:40:22.549-05:00  INFO 25476 --- [    Test worker] c.u.j.EncryptablePropertySourceConverter : Skipping PropertySource configurationProperties [class org.springframework.boot.context.properties.source.ConfigurationPropertySourcesPropertySource
2024-11-12T08:40:22.554-05:00  INFO 25476 --- [    Test worker] c.u.j.EncryptablePropertySourceConverter : Converting PropertySource test [org.springframework.core.env.MapPropertySource] to EncryptableMapPropertySourceWrapper
2024-11-12T08:40:22.555-05:00  INFO 25476 --- [    Test worker] c.u.j.EncryptablePropertySourceConverter : Converting PropertySource Inlined Test Properties [org.springframework.core.env.MapPropertySource] to EncryptableMapPropertySourceWrapper
2024-11-12T08:40:22.555-05:00  INFO 25476 --- [    Test worker] c.u.j.EncryptablePropertySourceConverter : Skipping PropertySource servletConfigInitParams [class org.springframework.core.env.PropertySource$StubPropertySource
2024-11-12T08:40:22.555-05:00  INFO 25476 --- [    Test worker] c.u.j.EncryptablePropertySourceConverter : Converting PropertySource servletContextInitParams [org.springframework.web.context.support.ServletContextPropertySource] to EncryptableEnumerablePropertySourceWrapper
2024-11-12T08:40:22.555-05:00  INFO 25476 --- [    Test worker] c.u.j.EncryptablePropertySourceConverter : Converting PropertySource systemProperties [org.springframework.core.env.PropertiesPropertySource] to EncryptableMapPropertySourceWrapper
2024-11-12T08:40:22.556-05:00  INFO 25476 --- [    Test worker] c.u.j.EncryptablePropertySourceConverter : Converting PropertySource systemEnvironment [org.springframework.boot.env.SystemEnvironmentPropertySourceEnvironmentPostProcessor$OriginAwareSystemEnvironmentPropertySource] to EncryptableSystemEnvironmentPropertySourceWrapper
2024-11-12T08:40:22.556-05:00  INFO 25476 --- [    Test worker] c.u.j.EncryptablePropertySourceConverter : Converting PropertySource random [org.springframework.boot.env.RandomValuePropertySource] to EncryptablePropertySourceWrapper
2024-11-12T08:40:22.556-05:00  INFO 25476 --- [    Test worker] c.u.j.EncryptablePropertySourceConverter : Converting PropertySource Config resource 'class path resource [application.yml]' via location 'optional:classpath:/' [org.springframework.boot.env.OriginTrackedMapPropertySource] to EncryptableMapPropertySourceWrapper
2024-11-12T08:40:22.919-05:00  INFO 25476 --- [    Test worker] c.u.j.filter.DefaultLazyPropertyFilter   : Property Filter custom Bean not found with name 'encryptablePropertyFilter'. Initializing Default Property Filter
2024-11-12T08:40:22.948-05:00  INFO 25476 --- [    Test worker] c.u.j.r.DefaultLazyPropertyResolver      : Property Resolver custom Bean not found with name 'encryptablePropertyResolver'. Initializing Default Property Resolver
2024-11-12T08:40:22.952-05:00  INFO 25476 --- [    Test worker] c.u.j.d.DefaultLazyPropertyDetector      : Property Detector custom Bean not found with name 'encryptablePropertyDetector'. Initializing Default Property Detector
2024-11-12T08:40:22.964-05:00  INFO 25476 --- [    Test worker] c.u.j.encryptor.DefaultLazyEncryptor     : String Encryptor custom Bean not found with name 'jasyptStringEncryptor'. Initializing Default String Encryptor
2024-11-12T08:40:22.986-05:00  INFO 25476 --- [    Test worker] c.u.j.c.StringEncryptorBuilder           : Encryptor config not found for property jasypt.encryptor.key-obtention-iterations, using default value: 1000
2024-11-12T08:40:22.986-05:00  INFO 25476 --- [    Test worker] c.u.j.c.StringEncryptorBuilder           : Encryptor config not found for property jasypt.encryptor.pool-size, using default value: 1
2024-11-12T08:40:22.987-05:00  INFO 25476 --- [    Test worker] c.u.j.c.StringEncryptorBuilder           : Encryptor config not found for property jasypt.encryptor.provider-name, using default value: null
2024-11-12T08:40:22.988-05:00  INFO 25476 --- [    Test worker] c.u.j.c.StringEncryptorBuilder           : Encryptor config not found for property jasypt.encryptor.provider-class-name, using default value: null
2024-11-12T08:40:22.989-05:00  INFO 25476 --- [    Test worker] c.u.j.c.StringEncryptorBuilder           : Encryptor config not found for property jasypt.encryptor.salt-generator-classname, using default value: org.jasypt.salt.RandomSaltGenerator
2024-11-12T08:40:22.992-05:00  INFO 25476 --- [    Test worker] c.u.j.c.StringEncryptorBuilder           : Encryptor config not found for property jasypt.encryptor.string-output-type, using default value: base64
2024-11-12T08:40:23.282-05:00  INFO 25476 --- [    Test worker] o.hibernate.jpa.internal.util.LogHelper  : HHH000204: Processing PersistenceUnitInfo [name: default]
2024-11-12T08:40:23.399-05:00  INFO 25476 --- [    Test worker] org.hibernate.Version                    : HHH000412: Hibernate ORM core version 6.2.6.Final
2024-11-12T08:40:23.403-05:00  INFO 25476 --- [    Test worker] org.hibernate.cfg.Environment            : HHH000406: Using bytecode reflection optimizer
2024-11-12T08:40:23.625-05:00  INFO 25476 --- [    Test worker] o.h.b.i.BytecodeProviderInitiator        : HHH000021: Bytecode provider name : bytebuddy
2024-11-12T08:40:23.873-05:00  INFO 25476 --- [    Test worker] o.s.o.j.p.SpringPersistenceUnitInfo      : No LoadTimeWeaver setup: ignoring JPA class transformer
2024-11-12T08:40:23.901-05:00  INFO 25476 --- [    Test worker] com.zaxxer.hikari.HikariDataSource       : HikariPool-1 - Starting...
2024-11-12T08:40:25.919-05:00  INFO 25476 --- [    Test worker] com.zaxxer.hikari.pool.HikariPool        : HikariPool-1 - Added connection com.mysql.cj.jdbc.ConnectionImpl@55317c63
2024-11-12T08:40:25.923-05:00  INFO 25476 --- [    Test worker] com.zaxxer.hikari.HikariDataSource       : HikariPool-1 - Start completed.
2024-11-12T08:40:26.773-05:00  INFO 25476 --- [    Test worker] o.h.b.i.BytecodeProviderInitiator        : HHH000021: Bytecode provider name : bytebuddy
2024-11-12T08:40:27.969-05:00  INFO 25476 --- [    Test worker] o.h.e.t.j.p.i.JtaPlatformInitiator       : HHH000490: Using JtaPlatform implementation: [org.hibernate.engine.transaction.jta.platform.internal.NoJtaPlatform]
2024-11-12T08:40:35.298-05:00  INFO 25476 --- [    Test worker] j.LocalContainerEntityManagerFactoryBean : Initialized JPA EntityManagerFactory for persistence unit 'default'
2024-11-12T08:40:37.256-05:00  INFO 25476 --- [    Test worker] c.m.ms_security.config.ErrorConfig       : Errores cargados: [com.ms_security.ms_security.service.model.dto.ErrorResponseDto@45382749, com.ms_security.ms_security.service.model.dto.ErrorResponseDto@406cf37f, com.ms_security.ms_security.service.model.dto.ErrorResponseDto@7d412ab5, com.ms_security.ms_security.service.model.dto.ErrorResponseDto@74ee07e, com.ms_security.ms_security.service.model.dto.ErrorResponseDto@3c88db1]
2024-11-12T08:40:38.384-05:00  INFO 25476 --- [    Test worker] c.m.m.config.ErrorControlConfig          : Response from API: [{"id":1,"errorId":1,"errorName":"SUCCESSFUL TRANSACTIONS","createdBy":"ANDRES MORENO","updatedBy":"ANDRES MORENO","dateTimeCreation":"2024-08-17T16:44:50.000+00:00","dateTimeUpdate":"2024-08-17T16:45:06.000+00:00"},{"id":2,"errorId":98,"errorName":"INVALID BASE 64","createdBy":"ANDRES MORENO","updatedBy":null,"dateTimeCreation":"2024-08-17T18:14:47.000+00:00","dateTimeUpdate":null},{"id":3,"errorId":99,"errorName":"GENERAL ERROR","createdBy":"ANDRES MORENO","updatedBy":null,"dateTimeCreation":"2024-08-17T18:15:24.000+00:00","dateTimeUpdate":null},{"id":4,"errorId":2,"errorName":"VALIDATION TYPE ERROR","createdBy":"ANDRES MORENO","updatedBy":null,"dateTimeCreation":"2024-11-12T11:53:42.109+00:00","dateTimeUpdate":null},{"id":5,"errorId":3,"errorName":"ID DOES NOT EXIST","createdBy":"ANDRES MORENO","updatedBy":null,"dateTimeCreation":"2024-11-12T12:07:30.769+00:00","dateTimeUpdate":null}]
2024-11-12T08:40:38.385-05:00  INFO 25476 --- [    Test worker] c.m.m.config.ErrorControlConfig          : Deserialized response: [com.ms_security.ms_security.service.model.dto.ErrorResponseDto@5b076d23, com.ms_security.ms_security.service.model.dto.ErrorResponseDto@14d43f13, com.ms_security.ms_security.service.model.dto.ErrorResponseDto@140449d9, com.ms_security.ms_security.service.model.dto.ErrorResponseDto@748015f8, com.ms_security.ms_security.service.model.dto.ErrorResponseDto@140e003e]
2024-11-12T08:40:39.022-05:00  INFO 25476 --- [    Test worker] o.s.d.j.r.query.QueryEnhancerFactory     : Hibernate is in classpath; If applicable, HQL parser will be used.
2024-11-12T08:40:40.584-05:00  WARN 25476 --- [    Test worker] .s.s.UserDetailsServiceAutoConfiguration : 

Using generated security password: 504b1ef4-c738-417b-a357-2a706fdc541c

This generated password is for development use only. Your security configuration must be updated before running your application in production.

2024-11-12T08:40:40.748-05:00  INFO 25476 --- [    Test worker] o.s.s.web.DefaultSecurityFilterChain     : Will secure any request with [org.springframework.security.web.session.DisableEncodeUrlFilter@b7a74ac, org.springframework.security.web.context.request.async.WebAsyncManagerIntegrationFilter@54077082, org.springframework.security.web.context.SecurityContextHolderFilter@3cac962e, org.springframework.security.web.header.HeaderWriterFilter@6c43d4dd, org.springframework.web.filter.CorsFilter@63c8d3da, org.springframework.security.web.authentication.logout.LogoutFilter@256bfbbb, com.ms_security.ms_security.security.JWTAuthorizationFilter@4e2bd0df, org.springframework.security.web.savedrequest.RequestCacheAwareFilter@5ada5fd3, org.springframework.security.web.servletapi.SecurityContextHolderAwareRequestFilter@4d36c8cb, org.springframework.security.web.authentication.AnonymousAuthenticationFilter@162c02a2, org.springframework.security.web.session.SessionManagementFilter@19adcb41, org.springframework.security.web.access.ExceptionTranslationFilter@548bdfda, org.springframework.security.web.access.intercept.AuthorizationFilter@17991766]
2024-11-12T08:40:42.218-05:00  INFO 25476 --- [    Test worker] c.m.m.MsSecurityApplicationTests         : Started MsSecurityApplicationTests in 22.764 seconds (process running for 24.7)
]]></system-out>
  <system-err><![CDATA[]]></system-err>
</testsuite>
