<?xml version="1.0" encoding="UTF-8"?>
<testsuite name="com.ms_security.ms_security.MsSecurityApplicationTests" tests="1" skipped="0" failures="0" errors="0" timestamp="2024-11-12T12:12:31" hostname="SAK" time="0.202">
  <properties/>
  <testcase name="contextLoads()" classname="com.ms_security.ms_security.MsSecurityApplicationTests" time="0.202"/>
  <system-out><![CDATA[Standard Commons Logging discovery in action with spring-jcl: please remove commons-logging.jar from classpath in order to avoid potential conflicts
07:12:05.538 [Test worker] INFO org.springframework.test.context.support.AnnotationConfigContextLoaderUtils -- Could not detect default configuration classes for test class [com.ms_security.ms_security.MsSecurityApplicationTests]: MsSecurityApplicationTests does not declare any static, non-private, non-final, nested classes annotated with @Configuration.
07:12:05.675 [Test worker] INFO org.springframework.boot.test.context.SpringBootTestContextBootstrapper -- Found @SpringBootConfiguration com.ms_security.ms_security.MsSecurityApplication for test class com.ms_security.ms_security.MsSecurityApplicationTests

  .   ____          _            __ _ _
 /\\ / ___'_ __ _ _(_)_ __  __ _ \ \ \ \
( ( )\___ | '_ | '_| | '_ \/ _` | \ \ \ \
 \\/  ___)| |_)| | | | | || (_| |  ) ) ) )
  '  |____| .__|_| |_|_| |_\__, | / / / /
 =========|_|==============|___/=/_/_/_/
 :: Spring Boot ::                (v3.1.2)

2024-11-12T07:12:06.434-05:00  WARN 9316 --- [    Test worker] ory$DuplicateJsonObjectContextCustomizer : 

Found multiple occurrences of org.json.JSONObject on the class path:

	jar:file:/C:/Users/jamp9/.gradle/caches/modules-2/files-2.1/org.json/json/20240303/ebb88e8fb5122b7506d5cf1d69f1ccdb790d22a/json-20240303.jar!/org/json/JSONObject.class
	jar:file:/C:/Users/jamp9/.gradle/caches/modules-2/files-2.1/com.vaadin.external.google/android-json/0.0.20131108.vaadin1/fa26d351fe62a6a17f5cda1287c1c6110dec413f/android-json-0.0.20131108.vaadin1.jar!/org/json/JSONObject.class

You may wish to exclude one of them to ensure predictable runtime behavior

2024-11-12T07:12:06.453-05:00  INFO 9316 --- [    Test worker] c.m.m.MsSecurityApplicationTests         : Starting MsSecurityApplicationTests using Java 17.0.11 with PID 9316 (started by jamp9 in C:\CURSOS\MINTIC\DEFSV3-270\PROYECTO\Backend-GuardianShop\ms-security)
2024-11-12T07:12:06.454-05:00  INFO 9316 --- [    Test worker] c.m.m.MsSecurityApplicationTests         : No active profile set, falling back to 1 default profile: "default"
2024-11-12T07:12:08.221-05:00  INFO 9316 --- [    Test worker] .s.d.r.c.RepositoryConfigurationDelegate : Multiple Spring Data modules found, entering strict repository configuration mode
2024-11-12T07:12:08.224-05:00  INFO 9316 --- [    Test worker] .s.d.r.c.RepositoryConfigurationDelegate : Bootstrapping Spring Data JPA repositories in DEFAULT mode.
2024-11-12T07:12:08.602-05:00  INFO 9316 --- [    Test worker] .s.d.r.c.RepositoryConfigurationDelegate : Finished Spring Data repository scanning in 366 ms. Found 13 JPA repository interfaces.
2024-11-12T07:12:08.625-05:00  INFO 9316 --- [    Test worker] .s.d.r.c.RepositoryConfigurationDelegate : Multiple Spring Data modules found, entering strict repository configuration mode
2024-11-12T07:12:08.626-05:00  INFO 9316 --- [    Test worker] .s.d.r.c.RepositoryConfigurationDelegate : Bootstrapping Spring Data Redis repositories in DEFAULT mode.
2024-11-12T07:12:08.651-05:00  INFO 9316 --- [    Test worker] .RepositoryConfigurationExtensionSupport : Spring Data Redis - Could not safely identify store assignment for repository candidate interface com.ms_security.ms_security.persistence.repository.ICartRepository; If you want this repository to be a Redis repository, consider annotating your entities with one of these annotations: org.springframework.data.redis.core.RedisHash (preferred), or consider extending one of the following types with your repository: org.springframework.data.keyvalue.repository.KeyValueRepository
2024-11-12T07:12:08.652-05:00  INFO 9316 --- [    Test worker] .RepositoryConfigurationExtensionSupport : Spring Data Redis - Could not safely identify store assignment for repository candidate interface com.ms_security.ms_security.persistence.repository.ICategoryRepository; If you want this repository to be a Redis repository, consider annotating your entities with one of these annotations: org.springframework.data.redis.core.RedisHash (preferred), or consider extending one of the following types with your repository: org.springframework.data.keyvalue.repository.KeyValueRepository
2024-11-12T07:12:08.652-05:00  INFO 9316 --- [    Test worker] .RepositoryConfigurationExtensionSupport : Spring Data Redis - Could not safely identify store assignment for repository candidate interface com.ms_security.ms_security.persistence.repository.IContactFormRepository; If you want this repository to be a Redis repository, consider annotating your entities with one of these annotations: org.springframework.data.redis.core.RedisHash (preferred), or consider extending one of the following types with your repository: org.springframework.data.keyvalue.repository.KeyValueRepository
2024-11-12T07:12:08.652-05:00  INFO 9316 --- [    Test worker] .RepositoryConfigurationExtensionSupport : Spring Data Redis - Could not safely identify store assignment for repository candidate interface com.ms_security.ms_security.persistence.repository.IEntriesRepository; If you want this repository to be a Redis repository, consider annotating your entities with one of these annotations: org.springframework.data.redis.core.RedisHash (preferred), or consider extending one of the following types with your repository: org.springframework.data.keyvalue.repository.KeyValueRepository
2024-11-12T07:12:08.652-05:00  INFO 9316 --- [    Test worker] .RepositoryConfigurationExtensionSupport : Spring Data Redis - Could not safely identify store assignment for repository candidate interface com.ms_security.ms_security.persistence.repository.IExitsRepository; If you want this repository to be a Redis repository, consider annotating your entities with one of these annotations: org.springframework.data.redis.core.RedisHash (preferred), or consider extending one of the following types with your repository: org.springframework.data.keyvalue.repository.KeyValueRepository
2024-11-12T07:12:08.653-05:00  INFO 9316 --- [    Test worker] .RepositoryConfigurationExtensionSupport : Spring Data Redis - Could not safely identify store assignment for repository candidate interface com.ms_security.ms_security.persistence.repository.IInventoryRepository; If you want this repository to be a Redis repository, consider annotating your entities with one of these annotations: org.springframework.data.redis.core.RedisHash (preferred), or consider extending one of the following types with your repository: org.springframework.data.keyvalue.repository.KeyValueRepository
2024-11-12T07:12:08.653-05:00  INFO 9316 --- [    Test worker] .RepositoryConfigurationExtensionSupport : Spring Data Redis - Could not safely identify store assignment for repository candidate interface com.ms_security.ms_security.persistence.repository.IOrderItemRepository; If you want this repository to be a Redis repository, consider annotating your entities with one of these annotations: org.springframework.data.redis.core.RedisHash (preferred), or consider extending one of the following types with your repository: org.springframework.data.keyvalue.repository.KeyValueRepository
2024-11-12T07:12:08.653-05:00  INFO 9316 --- [    Test worker] .RepositoryConfigurationExtensionSupport : Spring Data Redis - Could not safely identify store assignment for repository candidate interface com.ms_security.ms_security.persistence.repository.IOrderRepository; If you want this repository to be a Redis repository, consider annotating your entities with one of these annotations: org.springframework.data.redis.core.RedisHash (preferred), or consider extending one of the following types with your repository: org.springframework.data.keyvalue.repository.KeyValueRepository
2024-11-12T07:12:08.654-05:00  INFO 9316 --- [    Test worker] .RepositoryConfigurationExtensionSupport : Spring Data Redis - Could not safely identify store assignment for repository candidate interface com.ms_security.ms_security.persistence.repository.IParametersRepository; If you want this repository to be a Redis repository, consider annotating your entities with one of these annotations: org.springframework.data.redis.core.RedisHash (preferred), or consider extending one of the following types with your repository: org.springframework.data.keyvalue.repository.KeyValueRepository
2024-11-12T07:12:08.654-05:00  INFO 9316 --- [    Test worker] .RepositoryConfigurationExtensionSupport : Spring Data Redis - Could not safely identify store assignment for repository candidate interface com.ms_security.ms_security.persistence.repository.IPermissionRepository; If you want this repository to be a Redis repository, consider annotating your entities with one of these annotations: org.springframework.data.redis.core.RedisHash (preferred), or consider extending one of the following types with your repository: org.springframework.data.keyvalue.repository.KeyValueRepository
2024-11-12T07:12:08.654-05:00  INFO 9316 --- [    Test worker] .RepositoryConfigurationExtensionSupport : Spring Data Redis - Could not safely identify store assignment for repository candidate interface com.ms_security.ms_security.persistence.repository.IRoleRepository; If you want this repository to be a Redis repository, consider annotating your entities with one of these annotations: org.springframework.data.redis.core.RedisHash (preferred), or consider extending one of the following types with your repository: org.springframework.data.keyvalue.repository.KeyValueRepository
2024-11-12T07:12:08.654-05:00  INFO 9316 --- [    Test worker] .RepositoryConfigurationExtensionSupport : Spring Data Redis - Could not safely identify store assignment for repository candidate interface com.ms_security.ms_security.persistence.repository.IServicesRepository; If you want this repository to be a Redis repository, consider annotating your entities with one of these annotations: org.springframework.data.redis.core.RedisHash (preferred), or consider extending one of the following types with your repository: org.springframework.data.keyvalue.repository.KeyValueRepository
2024-11-12T07:12:08.654-05:00  INFO 9316 --- [    Test worker] .RepositoryConfigurationExtensionSupport : Spring Data Redis - Could not safely identify store assignment for repository candidate interface com.ms_security.ms_security.persistence.repository.IUserRepository; If you want this repository to be a Redis repository, consider annotating your entities with one of these annotations: org.springframework.data.redis.core.RedisHash (preferred), or consider extending one of the following types with your repository: org.springframework.data.keyvalue.repository.KeyValueRepository
2024-11-12T07:12:08.655-05:00  INFO 9316 --- [    Test worker] .s.d.r.c.RepositoryConfigurationDelegate : Finished Spring Data repository scanning in 15 ms. Found 0 Redis repository interfaces.
2024-11-12T07:12:09.210-05:00  INFO 9316 --- [    Test worker] ptablePropertiesBeanFactoryPostProcessor : Post-processing PropertySource instances
2024-11-12T07:12:09.212-05:00  INFO 9316 --- [    Test worker] c.u.j.EncryptablePropertySourceConverter : Skipping PropertySource configurationProperties [class org.springframework.boot.context.properties.source.ConfigurationPropertySourcesPropertySource
2024-11-12T07:12:09.216-05:00  INFO 9316 --- [    Test worker] c.u.j.EncryptablePropertySourceConverter : Converting PropertySource test [org.springframework.core.env.MapPropertySource] to EncryptableMapPropertySourceWrapper
2024-11-12T07:12:09.216-05:00  INFO 9316 --- [    Test worker] c.u.j.EncryptablePropertySourceConverter : Converting PropertySource Inlined Test Properties [org.springframework.core.env.MapPropertySource] to EncryptableMapPropertySourceWrapper
2024-11-12T07:12:09.216-05:00  INFO 9316 --- [    Test worker] c.u.j.EncryptablePropertySourceConverter : Skipping PropertySource servletConfigInitParams [class org.springframework.core.env.PropertySource$StubPropertySource
2024-11-12T07:12:09.216-05:00  INFO 9316 --- [    Test worker] c.u.j.EncryptablePropertySourceConverter : Converting PropertySource servletContextInitParams [org.springframework.web.context.support.ServletContextPropertySource] to EncryptableEnumerablePropertySourceWrapper
2024-11-12T07:12:09.216-05:00  INFO 9316 --- [    Test worker] c.u.j.EncryptablePropertySourceConverter : Converting PropertySource systemProperties [org.springframework.core.env.PropertiesPropertySource] to EncryptableMapPropertySourceWrapper
2024-11-12T07:12:09.217-05:00  INFO 9316 --- [    Test worker] c.u.j.EncryptablePropertySourceConverter : Converting PropertySource systemEnvironment [org.springframework.boot.env.SystemEnvironmentPropertySourceEnvironmentPostProcessor$OriginAwareSystemEnvironmentPropertySource] to EncryptableSystemEnvironmentPropertySourceWrapper
2024-11-12T07:12:09.217-05:00  INFO 9316 --- [    Test worker] c.u.j.EncryptablePropertySourceConverter : Converting PropertySource random [org.springframework.boot.env.RandomValuePropertySource] to EncryptablePropertySourceWrapper
2024-11-12T07:12:09.217-05:00  INFO 9316 --- [    Test worker] c.u.j.EncryptablePropertySourceConverter : Converting PropertySource Config resource 'class path resource [application.yml]' via location 'optional:classpath:/' [org.springframework.boot.env.OriginTrackedMapPropertySource] to EncryptableMapPropertySourceWrapper
2024-11-12T07:12:09.578-05:00  INFO 9316 --- [    Test worker] c.u.j.filter.DefaultLazyPropertyFilter   : Property Filter custom Bean not found with name 'encryptablePropertyFilter'. Initializing Default Property Filter
2024-11-12T07:12:09.608-05:00  INFO 9316 --- [    Test worker] c.u.j.r.DefaultLazyPropertyResolver      : Property Resolver custom Bean not found with name 'encryptablePropertyResolver'. Initializing Default Property Resolver
2024-11-12T07:12:09.611-05:00  INFO 9316 --- [    Test worker] c.u.j.d.DefaultLazyPropertyDetector      : Property Detector custom Bean not found with name 'encryptablePropertyDetector'. Initializing Default Property Detector
2024-11-12T07:12:09.625-05:00  INFO 9316 --- [    Test worker] c.u.j.encryptor.DefaultLazyEncryptor     : String Encryptor custom Bean not found with name 'jasyptStringEncryptor'. Initializing Default String Encryptor
2024-11-12T07:12:09.650-05:00  INFO 9316 --- [    Test worker] c.u.j.c.StringEncryptorBuilder           : Encryptor config not found for property jasypt.encryptor.key-obtention-iterations, using default value: 1000
2024-11-12T07:12:09.651-05:00  INFO 9316 --- [    Test worker] c.u.j.c.StringEncryptorBuilder           : Encryptor config not found for property jasypt.encryptor.pool-size, using default value: 1
2024-11-12T07:12:09.652-05:00  INFO 9316 --- [    Test worker] c.u.j.c.StringEncryptorBuilder           : Encryptor config not found for property jasypt.encryptor.provider-name, using default value: null
2024-11-12T07:12:09.652-05:00  INFO 9316 --- [    Test worker] c.u.j.c.StringEncryptorBuilder           : Encryptor config not found for property jasypt.encryptor.provider-class-name, using default value: null
2024-11-12T07:12:09.653-05:00  INFO 9316 --- [    Test worker] c.u.j.c.StringEncryptorBuilder           : Encryptor config not found for property jasypt.encryptor.salt-generator-classname, using default value: org.jasypt.salt.RandomSaltGenerator
2024-11-12T07:12:09.655-05:00  INFO 9316 --- [    Test worker] c.u.j.c.StringEncryptorBuilder           : Encryptor config not found for property jasypt.encryptor.string-output-type, using default value: base64
2024-11-12T07:12:09.921-05:00  INFO 9316 --- [    Test worker] o.hibernate.jpa.internal.util.LogHelper  : HHH000204: Processing PersistenceUnitInfo [name: default]
2024-11-12T07:12:10.073-05:00  INFO 9316 --- [    Test worker] org.hibernate.Version                    : HHH000412: Hibernate ORM core version 6.2.6.Final
2024-11-12T07:12:10.079-05:00  INFO 9316 --- [    Test worker] org.hibernate.cfg.Environment            : HHH000406: Using bytecode reflection optimizer
2024-11-12T07:12:10.375-05:00  INFO 9316 --- [    Test worker] o.h.b.i.BytecodeProviderInitiator        : HHH000021: Bytecode provider name : bytebuddy
2024-11-12T07:12:10.663-05:00  INFO 9316 --- [    Test worker] o.s.o.j.p.SpringPersistenceUnitInfo      : No LoadTimeWeaver setup: ignoring JPA class transformer
2024-11-12T07:12:10.692-05:00  INFO 9316 --- [    Test worker] com.zaxxer.hikari.HikariDataSource       : HikariPool-1 - Starting...
2024-11-12T07:12:13.057-05:00  INFO 9316 --- [    Test worker] com.zaxxer.hikari.pool.HikariPool        : HikariPool-1 - Added connection com.mysql.cj.jdbc.ConnectionImpl@4d770bcd
2024-11-12T07:12:13.062-05:00  INFO 9316 --- [    Test worker] com.zaxxer.hikari.HikariDataSource       : HikariPool-1 - Start completed.
2024-11-12T07:12:14.034-05:00  INFO 9316 --- [    Test worker] o.h.b.i.BytecodeProviderInitiator        : HHH000021: Bytecode provider name : bytebuddy
2024-11-12T07:12:15.362-05:00  INFO 9316 --- [    Test worker] o.h.e.t.j.p.i.JtaPlatformInitiator       : HHH000490: Using JtaPlatform implementation: [org.hibernate.engine.transaction.jta.platform.internal.NoJtaPlatform]
2024-11-12T07:12:23.908-05:00  INFO 9316 --- [    Test worker] j.LocalContainerEntityManagerFactoryBean : Initialized JPA EntityManagerFactory for persistence unit 'default'
2024-11-12T07:12:26.169-05:00  INFO 9316 --- [    Test worker] c.m.ms_security.config.ErrorConfig       : Errores cargados: [com.ms_security.ms_security.service.model.dto.ErrorResponseDto@6f2f4b9e, com.ms_security.ms_security.service.model.dto.ErrorResponseDto@2f5378cd, com.ms_security.ms_security.service.model.dto.ErrorResponseDto@3695e4f2, com.ms_security.ms_security.service.model.dto.ErrorResponseDto@5bdfae42, com.ms_security.ms_security.service.model.dto.ErrorResponseDto@4e396d1c]
2024-11-12T07:12:27.248-05:00  INFO 9316 --- [    Test worker] c.m.m.config.ErrorControlConfig          : Response from API: [{"id":1,"errorId":1,"errorName":"SUCCESSFUL TRANSACTIONS","createdBy":"ANDRES MORENO","updatedBy":"ANDRES MORENO","dateTimeCreation":"2024-08-17T16:44:50.000+00:00","dateTimeUpdate":"2024-08-17T16:45:06.000+00:00"},{"id":2,"errorId":98,"errorName":"INVALID BASE 64","createdBy":"ANDRES MORENO","updatedBy":null,"dateTimeCreation":"2024-08-17T18:14:47.000+00:00","dateTimeUpdate":null},{"id":3,"errorId":99,"errorName":"GENERAL ERROR","createdBy":"ANDRES MORENO","updatedBy":null,"dateTimeCreation":"2024-08-17T18:15:24.000+00:00","dateTimeUpdate":null},{"id":4,"errorId":2,"errorName":"VALIDATION TYPE ERROR","createdBy":"ANDRES MORENO","updatedBy":null,"dateTimeCreation":"2024-11-12T11:53:42.109+00:00","dateTimeUpdate":null},{"id":5,"errorId":3,"errorName":"ID DOES NOT EXIST","createdBy":"ANDRES MORENO","updatedBy":null,"dateTimeCreation":"2024-11-12T12:07:30.769+00:00","dateTimeUpdate":null}]
2024-11-12T07:12:27.249-05:00  INFO 9316 --- [    Test worker] c.m.m.config.ErrorControlConfig          : Deserialized response: [com.ms_security.ms_security.service.model.dto.ErrorResponseDto@55880c, com.ms_security.ms_security.service.model.dto.ErrorResponseDto@17224bad, com.ms_security.ms_security.service.model.dto.ErrorResponseDto@1ac9c3cc, com.ms_security.ms_security.service.model.dto.ErrorResponseDto@4537c9f8, com.ms_security.ms_security.service.model.dto.ErrorResponseDto@698e2cba]
2024-11-12T07:12:28.153-05:00  INFO 9316 --- [    Test worker] o.s.d.j.r.query.QueryEnhancerFactory     : Hibernate is in classpath; If applicable, HQL parser will be used.
2024-11-12T07:12:29.879-05:00  WARN 9316 --- [    Test worker] .s.s.UserDetailsServiceAutoConfiguration : 

Using generated security password: 4992c6c5-df19-401b-9049-630ea4c37c0f

This generated password is for development use only. Your security configuration must be updated before running your application in production.

2024-11-12T07:12:30.088-05:00  INFO 9316 --- [    Test worker] o.s.s.web.DefaultSecurityFilterChain     : Will secure any request with [org.springframework.security.web.session.DisableEncodeUrlFilter@33b09909, org.springframework.security.web.context.request.async.WebAsyncManagerIntegrationFilter@3003b9ad, org.springframework.security.web.context.SecurityContextHolderFilter@f03dc9b, org.springframework.security.web.header.HeaderWriterFilter@76f18f68, org.springframework.web.filter.CorsFilter@b7a74ac, org.springframework.security.web.authentication.logout.LogoutFilter@35ff3600, com.ms_security.ms_security.security.JWTAuthorizationFilter@54077082, org.springframework.security.web.savedrequest.RequestCacheAwareFilter@3cac962e, org.springframework.security.web.servletapi.SecurityContextHolderAwareRequestFilter@4baca539, org.springframework.security.web.authentication.AnonymousAuthenticationFilter@63c8d3da, org.springframework.security.web.session.SessionManagementFilter@33c7319e, org.springframework.security.web.access.ExceptionTranslationFilter@7e7a6f81, org.springframework.security.web.access.intercept.AuthorizationFilter@1602b644]
2024-11-12T07:12:31.926-05:00  INFO 9316 --- [    Test worker] c.m.m.MsSecurityApplicationTests         : Started MsSecurityApplicationTests in 25.976 seconds (process running for 27.846)
]]></system-out>
  <system-err><![CDATA[]]></system-err>
</testsuite>
