<?xml version="1.0" encoding="UTF-8"?>
<testsuite name="com.ms_security.ms_security.MsSecurityApplicationTests" tests="1" skipped="0" failures="0" errors="0" timestamp="2024-11-12T14:55:06" hostname="SAK" time="0.083">
  <properties/>
  <testcase name="contextLoads()" classname="com.ms_security.ms_security.MsSecurityApplicationTests" time="0.083"/>
  <system-out><![CDATA[Standard Commons Logging discovery in action with spring-jcl: please remove commons-logging.jar from classpath in order to avoid potential conflicts
09:54:42.263 [Test worker] INFO org.springframework.test.context.support.AnnotationConfigContextLoaderUtils -- Could not detect default configuration classes for test class [com.ms_security.ms_security.MsSecurityApplicationTests]: MsSecurityApplicationTests does not declare any static, non-private, non-final, nested classes annotated with @Configuration.
09:54:42.380 [Test worker] INFO org.springframework.boot.test.context.SpringBootTestContextBootstrapper -- Found @SpringBootConfiguration com.ms_security.ms_security.MsSecurityApplication for test class com.ms_security.ms_security.MsSecurityApplicationTests

  .   ____          _            __ _ _
 /\\ / ___'_ __ _ _(_)_ __  __ _ \ \ \ \
( ( )\___ | '_ | '_| | '_ \/ _` | \ \ \ \
 \\/  ___)| |_)| | | | | || (_| |  ) ) ) )
  '  |____| .__|_| |_|_| |_\__, | / / / /
 =========|_|==============|___/=/_/_/_/
 :: Spring Boot ::                (v3.1.2)

2024-11-12T09:54:43.026-05:00  WARN 3468 --- [    Test worker] ory$DuplicateJsonObjectContextCustomizer : 

Found multiple occurrences of org.json.JSONObject on the class path:

	jar:file:/C:/Users/jamp9/.gradle/caches/modules-2/files-2.1/org.json/json/20240303/ebb88e8fb5122b7506d5cf1d69f1ccdb790d22a/json-20240303.jar!/org/json/JSONObject.class
	jar:file:/C:/Users/jamp9/.gradle/caches/modules-2/files-2.1/com.vaadin.external.google/android-json/0.0.20131108.vaadin1/fa26d351fe62a6a17f5cda1287c1c6110dec413f/android-json-0.0.20131108.vaadin1.jar!/org/json/JSONObject.class

You may wish to exclude one of them to ensure predictable runtime behavior

2024-11-12T09:54:43.043-05:00  INFO 3468 --- [    Test worker] c.m.m.MsSecurityApplicationTests         : Starting MsSecurityApplicationTests using Java 17.0.11 with PID 3468 (started by jamp9 in C:\CURSOS\MINTIC\DEFSV3-270\PROYECTO\Backend-GuardianShop\ms-security)
2024-11-12T09:54:43.045-05:00  INFO 3468 --- [    Test worker] c.m.m.MsSecurityApplicationTests         : No active profile set, falling back to 1 default profile: "default"
2024-11-12T09:54:44.566-05:00  INFO 3468 --- [    Test worker] .s.d.r.c.RepositoryConfigurationDelegate : Multiple Spring Data modules found, entering strict repository configuration mode
2024-11-12T09:54:44.569-05:00  INFO 3468 --- [    Test worker] .s.d.r.c.RepositoryConfigurationDelegate : Bootstrapping Spring Data JPA repositories in DEFAULT mode.
2024-11-12T09:54:44.899-05:00  INFO 3468 --- [    Test worker] .s.d.r.c.RepositoryConfigurationDelegate : Finished Spring Data repository scanning in 317 ms. Found 13 JPA repository interfaces.
2024-11-12T09:54:44.942-05:00  INFO 3468 --- [    Test worker] .s.d.r.c.RepositoryConfigurationDelegate : Multiple Spring Data modules found, entering strict repository configuration mode
2024-11-12T09:54:44.944-05:00  INFO 3468 --- [    Test worker] .s.d.r.c.RepositoryConfigurationDelegate : Bootstrapping Spring Data Redis repositories in DEFAULT mode.
2024-11-12T09:54:44.974-05:00  INFO 3468 --- [    Test worker] .RepositoryConfigurationExtensionSupport : Spring Data Redis - Could not safely identify store assignment for repository candidate interface com.ms_security.ms_security.persistence.repository.ICartRepository; If you want this repository to be a Redis repository, consider annotating your entities with one of these annotations: org.springframework.data.redis.core.RedisHash (preferred), or consider extending one of the following types with your repository: org.springframework.data.keyvalue.repository.KeyValueRepository
2024-11-12T09:54:44.974-05:00  INFO 3468 --- [    Test worker] .RepositoryConfigurationExtensionSupport : Spring Data Redis - Could not safely identify store assignment for repository candidate interface com.ms_security.ms_security.persistence.repository.ICategoryRepository; If you want this repository to be a Redis repository, consider annotating your entities with one of these annotations: org.springframework.data.redis.core.RedisHash (preferred), or consider extending one of the following types with your repository: org.springframework.data.keyvalue.repository.KeyValueRepository
2024-11-12T09:54:44.975-05:00  INFO 3468 --- [    Test worker] .RepositoryConfigurationExtensionSupport : Spring Data Redis - Could not safely identify store assignment for repository candidate interface com.ms_security.ms_security.persistence.repository.IContactFormRepository; If you want this repository to be a Redis repository, consider annotating your entities with one of these annotations: org.springframework.data.redis.core.RedisHash (preferred), or consider extending one of the following types with your repository: org.springframework.data.keyvalue.repository.KeyValueRepository
2024-11-12T09:54:44.975-05:00  INFO 3468 --- [    Test worker] .RepositoryConfigurationExtensionSupport : Spring Data Redis - Could not safely identify store assignment for repository candidate interface com.ms_security.ms_security.persistence.repository.IEntriesRepository; If you want this repository to be a Redis repository, consider annotating your entities with one of these annotations: org.springframework.data.redis.core.RedisHash (preferred), or consider extending one of the following types with your repository: org.springframework.data.keyvalue.repository.KeyValueRepository
2024-11-12T09:54:44.975-05:00  INFO 3468 --- [    Test worker] .RepositoryConfigurationExtensionSupport : Spring Data Redis - Could not safely identify store assignment for repository candidate interface com.ms_security.ms_security.persistence.repository.IExitsRepository; If you want this repository to be a Redis repository, consider annotating your entities with one of these annotations: org.springframework.data.redis.core.RedisHash (preferred), or consider extending one of the following types with your repository: org.springframework.data.keyvalue.repository.KeyValueRepository
2024-11-12T09:54:44.975-05:00  INFO 3468 --- [    Test worker] .RepositoryConfigurationExtensionSupport : Spring Data Redis - Could not safely identify store assignment for repository candidate interface com.ms_security.ms_security.persistence.repository.IInventoryRepository; If you want this repository to be a Redis repository, consider annotating your entities with one of these annotations: org.springframework.data.redis.core.RedisHash (preferred), or consider extending one of the following types with your repository: org.springframework.data.keyvalue.repository.KeyValueRepository
2024-11-12T09:54:44.976-05:00  INFO 3468 --- [    Test worker] .RepositoryConfigurationExtensionSupport : Spring Data Redis - Could not safely identify store assignment for repository candidate interface com.ms_security.ms_security.persistence.repository.IOrderItemRepository; If you want this repository to be a Redis repository, consider annotating your entities with one of these annotations: org.springframework.data.redis.core.RedisHash (preferred), or consider extending one of the following types with your repository: org.springframework.data.keyvalue.repository.KeyValueRepository
2024-11-12T09:54:44.976-05:00  INFO 3468 --- [    Test worker] .RepositoryConfigurationExtensionSupport : Spring Data Redis - Could not safely identify store assignment for repository candidate interface com.ms_security.ms_security.persistence.repository.IOrderRepository; If you want this repository to be a Redis repository, consider annotating your entities with one of these annotations: org.springframework.data.redis.core.RedisHash (preferred), or consider extending one of the following types with your repository: org.springframework.data.keyvalue.repository.KeyValueRepository
2024-11-12T09:54:44.977-05:00  INFO 3468 --- [    Test worker] .RepositoryConfigurationExtensionSupport : Spring Data Redis - Could not safely identify store assignment for repository candidate interface com.ms_security.ms_security.persistence.repository.IParametersRepository; If you want this repository to be a Redis repository, consider annotating your entities with one of these annotations: org.springframework.data.redis.core.RedisHash (preferred), or consider extending one of the following types with your repository: org.springframework.data.keyvalue.repository.KeyValueRepository
2024-11-12T09:54:44.977-05:00  INFO 3468 --- [    Test worker] .RepositoryConfigurationExtensionSupport : Spring Data Redis - Could not safely identify store assignment for repository candidate interface com.ms_security.ms_security.persistence.repository.IPermissionRepository; If you want this repository to be a Redis repository, consider annotating your entities with one of these annotations: org.springframework.data.redis.core.RedisHash (preferred), or consider extending one of the following types with your repository: org.springframework.data.keyvalue.repository.KeyValueRepository
2024-11-12T09:54:44.978-05:00  INFO 3468 --- [    Test worker] .RepositoryConfigurationExtensionSupport : Spring Data Redis - Could not safely identify store assignment for repository candidate interface com.ms_security.ms_security.persistence.repository.IRoleRepository; If you want this repository to be a Redis repository, consider annotating your entities with one of these annotations: org.springframework.data.redis.core.RedisHash (preferred), or consider extending one of the following types with your repository: org.springframework.data.keyvalue.repository.KeyValueRepository
2024-11-12T09:54:44.978-05:00  INFO 3468 --- [    Test worker] .RepositoryConfigurationExtensionSupport : Spring Data Redis - Could not safely identify store assignment for repository candidate interface com.ms_security.ms_security.persistence.repository.IServicesRepository; If you want this repository to be a Redis repository, consider annotating your entities with one of these annotations: org.springframework.data.redis.core.RedisHash (preferred), or consider extending one of the following types with your repository: org.springframework.data.keyvalue.repository.KeyValueRepository
2024-11-12T09:54:44.979-05:00  INFO 3468 --- [    Test worker] .RepositoryConfigurationExtensionSupport : Spring Data Redis - Could not safely identify store assignment for repository candidate interface com.ms_security.ms_security.persistence.repository.IUserRepository; If you want this repository to be a Redis repository, consider annotating your entities with one of these annotations: org.springframework.data.redis.core.RedisHash (preferred), or consider extending one of the following types with your repository: org.springframework.data.keyvalue.repository.KeyValueRepository
2024-11-12T09:54:44.979-05:00  INFO 3468 --- [    Test worker] .s.d.r.c.RepositoryConfigurationDelegate : Finished Spring Data repository scanning in 18 ms. Found 0 Redis repository interfaces.
2024-11-12T09:54:45.475-05:00  INFO 3468 --- [    Test worker] ptablePropertiesBeanFactoryPostProcessor : Post-processing PropertySource instances
2024-11-12T09:54:45.476-05:00  INFO 3468 --- [    Test worker] c.u.j.EncryptablePropertySourceConverter : Skipping PropertySource configurationProperties [class org.springframework.boot.context.properties.source.ConfigurationPropertySourcesPropertySource
2024-11-12T09:54:45.478-05:00  INFO 3468 --- [    Test worker] c.u.j.EncryptablePropertySourceConverter : Converting PropertySource test [org.springframework.core.env.MapPropertySource] to EncryptableMapPropertySourceWrapper
2024-11-12T09:54:45.478-05:00  INFO 3468 --- [    Test worker] c.u.j.EncryptablePropertySourceConverter : Converting PropertySource Inlined Test Properties [org.springframework.core.env.MapPropertySource] to EncryptableMapPropertySourceWrapper
2024-11-12T09:54:45.478-05:00  INFO 3468 --- [    Test worker] c.u.j.EncryptablePropertySourceConverter : Skipping PropertySource servletConfigInitParams [class org.springframework.core.env.PropertySource$StubPropertySource
2024-11-12T09:54:45.479-05:00  INFO 3468 --- [    Test worker] c.u.j.EncryptablePropertySourceConverter : Converting PropertySource servletContextInitParams [org.springframework.web.context.support.ServletContextPropertySource] to EncryptableEnumerablePropertySourceWrapper
2024-11-12T09:54:45.479-05:00  INFO 3468 --- [    Test worker] c.u.j.EncryptablePropertySourceConverter : Converting PropertySource systemProperties [org.springframework.core.env.PropertiesPropertySource] to EncryptableMapPropertySourceWrapper
2024-11-12T09:54:45.479-05:00  INFO 3468 --- [    Test worker] c.u.j.EncryptablePropertySourceConverter : Converting PropertySource systemEnvironment [org.springframework.boot.env.SystemEnvironmentPropertySourceEnvironmentPostProcessor$OriginAwareSystemEnvironmentPropertySource] to EncryptableSystemEnvironmentPropertySourceWrapper
2024-11-12T09:54:45.479-05:00  INFO 3468 --- [    Test worker] c.u.j.EncryptablePropertySourceConverter : Converting PropertySource random [org.springframework.boot.env.RandomValuePropertySource] to EncryptablePropertySourceWrapper
2024-11-12T09:54:45.479-05:00  INFO 3468 --- [    Test worker] c.u.j.EncryptablePropertySourceConverter : Converting PropertySource Config resource 'class path resource [application.yml]' via location 'optional:classpath:/' [org.springframework.boot.env.OriginTrackedMapPropertySource] to EncryptableMapPropertySourceWrapper
2024-11-12T09:54:45.745-05:00  INFO 3468 --- [    Test worker] c.u.j.filter.DefaultLazyPropertyFilter   : Property Filter custom Bean not found with name 'encryptablePropertyFilter'. Initializing Default Property Filter
2024-11-12T09:54:45.768-05:00  INFO 3468 --- [    Test worker] c.u.j.r.DefaultLazyPropertyResolver      : Property Resolver custom Bean not found with name 'encryptablePropertyResolver'. Initializing Default Property Resolver
2024-11-12T09:54:45.771-05:00  INFO 3468 --- [    Test worker] c.u.j.d.DefaultLazyPropertyDetector      : Property Detector custom Bean not found with name 'encryptablePropertyDetector'. Initializing Default Property Detector
2024-11-12T09:54:45.780-05:00  INFO 3468 --- [    Test worker] c.u.j.encryptor.DefaultLazyEncryptor     : String Encryptor custom Bean not found with name 'jasyptStringEncryptor'. Initializing Default String Encryptor
2024-11-12T09:54:45.798-05:00  INFO 3468 --- [    Test worker] c.u.j.c.StringEncryptorBuilder           : Encryptor config not found for property jasypt.encryptor.key-obtention-iterations, using default value: 1000
2024-11-12T09:54:45.799-05:00  INFO 3468 --- [    Test worker] c.u.j.c.StringEncryptorBuilder           : Encryptor config not found for property jasypt.encryptor.pool-size, using default value: 1
2024-11-12T09:54:45.800-05:00  INFO 3468 --- [    Test worker] c.u.j.c.StringEncryptorBuilder           : Encryptor config not found for property jasypt.encryptor.provider-name, using default value: null
2024-11-12T09:54:45.800-05:00  INFO 3468 --- [    Test worker] c.u.j.c.StringEncryptorBuilder           : Encryptor config not found for property jasypt.encryptor.provider-class-name, using default value: null
2024-11-12T09:54:45.801-05:00  INFO 3468 --- [    Test worker] c.u.j.c.StringEncryptorBuilder           : Encryptor config not found for property jasypt.encryptor.salt-generator-classname, using default value: org.jasypt.salt.RandomSaltGenerator
2024-11-12T09:54:45.803-05:00  INFO 3468 --- [    Test worker] c.u.j.c.StringEncryptorBuilder           : Encryptor config not found for property jasypt.encryptor.string-output-type, using default value: base64
2024-11-12T09:54:46.068-05:00  INFO 3468 --- [    Test worker] o.hibernate.jpa.internal.util.LogHelper  : HHH000204: Processing PersistenceUnitInfo [name: default]
2024-11-12T09:54:46.218-05:00  INFO 3468 --- [    Test worker] org.hibernate.Version                    : HHH000412: Hibernate ORM core version 6.2.6.Final
2024-11-12T09:54:46.224-05:00  INFO 3468 --- [    Test worker] org.hibernate.cfg.Environment            : HHH000406: Using bytecode reflection optimizer
2024-11-12T09:54:46.483-05:00  INFO 3468 --- [    Test worker] o.h.b.i.BytecodeProviderInitiator        : HHH000021: Bytecode provider name : bytebuddy
2024-11-12T09:54:46.720-05:00  INFO 3468 --- [    Test worker] o.s.o.j.p.SpringPersistenceUnitInfo      : No LoadTimeWeaver setup: ignoring JPA class transformer
2024-11-12T09:54:46.740-05:00  INFO 3468 --- [    Test worker] com.zaxxer.hikari.HikariDataSource       : HikariPool-1 - Starting...
2024-11-12T09:54:48.770-05:00  INFO 3468 --- [    Test worker] com.zaxxer.hikari.pool.HikariPool        : HikariPool-1 - Added connection com.mysql.cj.jdbc.ConnectionImpl@4d770bcd
2024-11-12T09:54:48.773-05:00  INFO 3468 --- [    Test worker] com.zaxxer.hikari.HikariDataSource       : HikariPool-1 - Start completed.
2024-11-12T09:54:49.021-05:00  WARN 3468 --- [    Test worker] org.hibernate.orm.deprecation            : HHH90000026: MySQL8Dialect has been deprecated; use org.hibernate.dialect.MySQLDialect instead
2024-11-12T09:54:49.713-05:00  INFO 3468 --- [    Test worker] o.h.b.i.BytecodeProviderInitiator        : HHH000021: Bytecode provider name : bytebuddy
2024-11-12T09:54:51.657-05:00  INFO 3468 --- [    Test worker] o.h.e.t.j.p.i.JtaPlatformInitiator       : HHH000490: Using JtaPlatform implementation: [org.hibernate.engine.transaction.jta.platform.internal.NoJtaPlatform]
2024-11-12T09:54:58.987-05:00  INFO 3468 --- [    Test worker] j.LocalContainerEntityManagerFactoryBean : Initialized JPA EntityManagerFactory for persistence unit 'default'
2024-11-12T09:55:00.819-05:00  INFO 3468 --- [    Test worker] c.m.ms_security.config.ErrorConfig       : Errores cargados: [com.ms_security.ms_security.service.model.dto.ErrorResponseDto@7a3c541e, com.ms_security.ms_security.service.model.dto.ErrorResponseDto@2be89ba5, com.ms_security.ms_security.service.model.dto.ErrorResponseDto@408573b1, com.ms_security.ms_security.service.model.dto.ErrorResponseDto@5b7600ec, com.ms_security.ms_security.service.model.dto.ErrorResponseDto@43f23338]
2024-11-12T09:55:01.928-05:00  INFO 3468 --- [    Test worker] c.m.m.config.ErrorControlConfig          : Response from API: [{"id":1,"errorId":1,"errorName":"SUCCESSFUL TRANSACTIONS","createdBy":"ANDRES MORENO","updatedBy":"ANDRES MORENO","dateTimeCreation":"2024-08-17T16:44:50.000+00:00","dateTimeUpdate":"2024-08-17T16:45:06.000+00:00"},{"id":2,"errorId":98,"errorName":"INVALID BASE 64","createdBy":"ANDRES MORENO","updatedBy":null,"dateTimeCreation":"2024-08-17T18:14:47.000+00:00","dateTimeUpdate":null},{"id":3,"errorId":99,"errorName":"GENERAL ERROR","createdBy":"ANDRES MORENO","updatedBy":null,"dateTimeCreation":"2024-08-17T18:15:24.000+00:00","dateTimeUpdate":null},{"id":4,"errorId":2,"errorName":"VALIDATION TYPE ERROR","createdBy":"ANDRES MORENO","updatedBy":null,"dateTimeCreation":"2024-11-12T11:53:42.109+00:00","dateTimeUpdate":null},{"id":5,"errorId":3,"errorName":"ID DOES NOT EXIST","createdBy":"ANDRES MORENO","updatedBy":null,"dateTimeCreation":"2024-11-12T12:07:30.769+00:00","dateTimeUpdate":null}]
2024-11-12T09:55:01.929-05:00  INFO 3468 --- [    Test worker] c.m.m.config.ErrorControlConfig          : Deserialized response: [com.ms_security.ms_security.service.model.dto.ErrorResponseDto@cb03360, com.ms_security.ms_security.service.model.dto.ErrorResponseDto@3a8ae302, com.ms_security.ms_security.service.model.dto.ErrorResponseDto@65134e6c, com.ms_security.ms_security.service.model.dto.ErrorResponseDto@3fd93330, com.ms_security.ms_security.service.model.dto.ErrorResponseDto@32ff3c98]
2024-11-12T09:55:02.688-05:00  INFO 3468 --- [    Test worker] o.s.d.j.r.query.QueryEnhancerFactory     : Hibernate is in classpath; If applicable, HQL parser will be used.
2024-11-12T09:55:04.264-05:00  WARN 3468 --- [    Test worker] .s.s.UserDetailsServiceAutoConfiguration : 

Using generated security password: edd03ea1-f733-4a44-a8c5-59db0b6b0bb3

This generated password is for development use only. Your security configuration must be updated before running your application in production.

2024-11-12T09:55:04.458-05:00  INFO 3468 --- [    Test worker] o.s.s.web.DefaultSecurityFilterChain     : Will secure any request with [org.springframework.security.web.session.DisableEncodeUrlFilter@47c62b8e, org.springframework.security.web.context.request.async.WebAsyncManagerIntegrationFilter@3dd1f392, org.springframework.security.web.context.SecurityContextHolderFilter@24c00206, org.springframework.security.web.header.HeaderWriterFilter@6a79a909, org.springframework.web.filter.CorsFilter@4faaf13a, org.springframework.security.web.authentication.logout.LogoutFilter@35e92c45, com.ms_security.ms_security.security.JWTAuthorizationFilter@514ee14c, org.springframework.security.web.savedrequest.RequestCacheAwareFilter@4d682552, org.springframework.security.web.servletapi.SecurityContextHolderAwareRequestFilter@1ad2e962, org.springframework.security.web.authentication.AnonymousAuthenticationFilter@27a22ab0, org.springframework.security.web.session.SessionManagementFilter@71a7e67, org.springframework.security.web.access.ExceptionTranslationFilter@431298ef, org.springframework.security.web.access.intercept.AuthorizationFilter@41c77559]
2024-11-12T09:55:06.216-05:00  INFO 3468 --- [    Test worker] c.m.m.MsSecurityApplicationTests         : Started MsSecurityApplicationTests in 23.591 seconds (process running for 25.219)
]]></system-out>
  <system-err><![CDATA[]]></system-err>
</testsuite>
